  Source.cpp
C:\Users\ivans\OneDrive\Рабочий стол\Lab2\Lab2\Source.cpp(11,34): warning C4566: character represented by universal-character-name '\u041D' cannot be represented in the current code page (1252)
C:\Users\ivans\OneDrive\Рабочий стол\Lab2\Lab2\Source.cpp(11,34): warning C4566: character represented by universal-character-name '\u0435' cannot be represented in the current code page (1252)
C:\Users\ivans\OneDrive\Рабочий стол\Lab2\Lab2\Source.cpp(11,34): warning C4566: character represented by universal-character-name '\u0443' cannot be represented in the current code page (1252)
C:\Users\ivans\OneDrive\Рабочий стол\Lab2\Lab2\Source.cpp(11,34): warning C4566: character represented by universal-character-name '\u0434' cannot be represented in the current code page (1252)
C:\Users\ivans\OneDrive\Рабочий стол\Lab2\Lab2\Source.cpp(11,34): warning C4566: character represented by universal-character-name '\u0430' cannot be represented in the current code page (1252)
C:\Users\ivans\OneDrive\Рабочий стол\Lab2\Lab2\Source.cpp(11,34): warning C4566: character represented by universal-character-name '\u043B' cannot be represented in the current code page (1252)
C:\Users\ivans\OneDrive\Рабочий стол\Lab2\Lab2\Source.cpp(11,34): warning C4566: character represented by universal-character-name '\u043E' cannot be represented in the current code page (1252)
C:\Users\ivans\OneDrive\Рабочий стол\Lab2\Lab2\Source.cpp(11,34): warning C4566: character represented by universal-character-name '\u0441' cannot be represented in the current code page (1252)
C:\Users\ivans\OneDrive\Рабочий стол\Lab2\Lab2\Source.cpp(11,34): warning C4566: character represented by universal-character-name '\u044C' cannot be represented in the current code page (1252)
C:\Users\ivans\OneDrive\Рабочий стол\Lab2\Lab2\Source.cpp(11,34): warning C4566: character represented by universal-character-name '\u0442' cannot be represented in the current code page (1252)
C:\Users\ivans\OneDrive\Рабочий стол\Lab2\Lab2\Source.cpp(11,34): warning C4566: character represented by universal-character-name '\u043A' cannot be represented in the current code page (1252)
C:\Users\ivans\OneDrive\Рабочий стол\Lab2\Lab2\Source.cpp(11,34): warning C4566: character represented by universal-character-name '\u0440' cannot be represented in the current code page (1252)
C:\Users\ivans\OneDrive\Рабочий стол\Lab2\Lab2\Source.cpp(11,34): warning C4566: character represented by universal-character-name '\u044B' cannot be represented in the current code page (1252)
C:\Users\ivans\OneDrive\Рабочий стол\Lab2\Lab2\Source.cpp(11,34): warning C4566: character represented by universal-character-name '\u0444' cannot be represented in the current code page (1252)
C:\Users\ivans\OneDrive\Рабочий стол\Lab2\Lab2\Source.cpp(11,34): warning C4566: character represented by universal-character-name '\u0439' cannot be represented in the current code page (1252)
C:\Users\ivans\OneDrive\Рабочий стол\Lab2\Lab2\Source.cpp(21,34): warning C4566: character represented by universal-character-name '\u0424' cannot be represented in the current code page (1252)
C:\Users\ivans\OneDrive\Рабочий стол\Lab2\Lab2\Source.cpp(21,34): warning C4566: character represented by universal-character-name '\u0430' cannot be represented in the current code page (1252)
C:\Users\ivans\OneDrive\Рабочий стол\Lab2\Lab2\Source.cpp(21,34): warning C4566: character represented by universal-character-name '\u0439' cannot be represented in the current code page (1252)
C:\Users\ivans\OneDrive\Рабочий стол\Lab2\Lab2\Source.cpp(21,34): warning C4566: character represented by universal-character-name '\u043B' cannot be represented in the current code page (1252)
C:\Users\ivans\OneDrive\Рабочий стол\Lab2\Lab2\Source.cpp(21,34): warning C4566: character represented by universal-character-name '\u0434' cannot be represented in the current code page (1252)
C:\Users\ivans\OneDrive\Рабочий стол\Lab2\Lab2\Source.cpp(21,34): warning C4566: character represented by universal-character-name '\u043E' cannot be represented in the current code page (1252)
C:\Users\ivans\OneDrive\Рабочий стол\Lab2\Lab2\Source.cpp(21,34): warning C4566: character represented by universal-character-name '\u0436' cannot be represented in the current code page (1252)
C:\Users\ivans\OneDrive\Рабочий стол\Lab2\Lab2\Source.cpp(21,34): warning C4566: character represented by universal-character-name '\u0435' cannot be represented in the current code page (1252)
C:\Users\ivans\OneDrive\Рабочий стол\Lab2\Lab2\Source.cpp(21,34): warning C4566: character represented by universal-character-name '\u043D' cannot be represented in the current code page (1252)
C:\Users\ivans\OneDrive\Рабочий стол\Lab2\Lab2\Source.cpp(21,34): warning C4566: character represented by universal-character-name '\u0441' cannot be represented in the current code page (1252)
C:\Users\ivans\OneDrive\Рабочий стол\Lab2\Lab2\Source.cpp(21,34): warning C4566: character represented by universal-character-name '\u0440' cannot be represented in the current code page (1252)
C:\Users\ivans\OneDrive\Рабочий стол\Lab2\Lab2\Source.cpp(21,34): warning C4566: character represented by universal-character-name '\u0442' cannot be represented in the current code page (1252)
C:\Users\ivans\OneDrive\Рабочий стол\Lab2\Lab2\Source.cpp(21,34): warning C4566: character represented by universal-character-name '\u044C' cannot be represented in the current code page (1252)
C:\Users\ivans\OneDrive\Рабочий стол\Lab2\Lab2\Source.cpp(21,34): warning C4566: character represented by universal-character-name '\u0432' cannot be represented in the current code page (1252)
C:\Users\ivans\OneDrive\Рабочий стол\Lab2\Lab2\Source.cpp(21,34): warning C4566: character represented by universal-character-name '\u0437' cannot be represented in the current code page (1252)
C:\Users\ivans\OneDrive\Рабочий стол\Lab2\Lab2\Source.cpp(21,34): warning C4566: character represented by universal-character-name '\u0447' cannot be represented in the current code page (1252)
C:\Users\ivans\OneDrive\Рабочий стол\Lab2\Lab2\Source.cpp(21,34): warning C4566: character represented by universal-character-name '\u0438' cannot be represented in the current code page (1252)
  Lab2.vcxproj -> C:\Users\ivans\OneDrive\Рабочий стол\Lab2\x64\Debug\Lab2.exe
